2022-09-02 12:06:16 362:  ›   Error: Datapath /Users/priojeetpriyom/.lisk/lisk-core already contains 
2022-09-02 12:06:16 362:  ›   configs for devnet. Please use --overwrite-config to overwrite the config.
2022-09-02 12:06:18 519:  ›   Error: Datapath /Users/priojeetpriyom/.lisk/lisk-core already contains 
2022-09-02 12:06:18 519:  ›   configs for devnet. Please use --overwrite-config to overwrite the config.
2022-09-02 12:06:20 697:  ›   Error: Datapath /Users/priojeetpriyom/.lisk/lisk-core already contains 
2022-09-02 12:06:20 697:  ›   configs for devnet. Please use --overwrite-config to overwrite the config.
2022-09-02 12:06:22 899:  ›   Error: Datapath /Users/priojeetpriyom/.lisk/lisk-core already contains 
2022-09-02 12:06:22 899:  ›   configs for devnet. Please use --overwrite-config to overwrite the config.
2022-09-02 12:06:25 042:  ›   Error: Datapath /Users/priojeetpriyom/.lisk/lisk-core already contains 
2022-09-02 12:06:25 042:  ›   configs for devnet. Please use --overwrite-config to overwrite the config.
2022-09-02 12:06:27 176:  ›   Error: Datapath /Users/priojeetpriyom/.lisk/lisk-core already contains 
2022-09-02 12:06:27 176:  ›   configs for devnet. Please use --overwrite-config to overwrite the config.
2022-09-02 12:06:29 304:  ›   Error: Datapath /Users/priojeetpriyom/.lisk/lisk-core already contains 
2022-09-02 12:06:29 304:  ›   configs for devnet. Please use --overwrite-config to overwrite the config.
2022-09-02 12:06:31 415:  ›   Error: Datapath /Users/priojeetpriyom/.lisk/lisk-core already contains 
2022-09-02 12:06:31 415:  ›   configs for devnet. Please use --overwrite-config to overwrite the config.
2022-09-02 12:06:33 498:  ›   Error: Datapath /Users/priojeetpriyom/.lisk/lisk-core already contains 
2022-09-02 12:06:33 498:  ›   configs for devnet. Please use --overwrite-config to overwrite the config.
2022-09-02 12:06:35 649:  ›   Error: Datapath /Users/priojeetpriyom/.lisk/lisk-core already contains 
2022-09-02 12:06:35 649:  ›   configs for devnet. Please use --overwrite-config to overwrite the config.
2022-09-02 12:06:37 780:  ›   Error: Datapath /Users/priojeetpriyom/.lisk/lisk-core already contains 
2022-09-02 12:06:37 780:  ›   configs for devnet. Please use --overwrite-config to overwrite the config.
2022-09-02 12:06:39 937:  ›   Error: Datapath /Users/priojeetpriyom/.lisk/lisk-core already contains 
2022-09-02 12:06:39 937:  ›   configs for devnet. Please use --overwrite-config to overwrite the config.
2022-09-02 12:06:42 087:  ›   Error: Datapath /Users/priojeetpriyom/.lisk/lisk-core already contains 
2022-09-02 12:06:42 087:  ›   configs for devnet. Please use --overwrite-config to overwrite the config.
2022-09-02 12:06:44 238:  ›   Error: Datapath /Users/priojeetpriyom/.lisk/lisk-core already contains 
2022-09-02 12:06:44 238:  ›   configs for devnet. Please use --overwrite-config to overwrite the config.
2022-09-02 12:06:46 350:  ›   Error: Datapath /Users/priojeetpriyom/.lisk/lisk-core already contains 
2022-09-02 12:06:46 350:  ›   configs for devnet. Please use --overwrite-config to overwrite the config.
2022-09-02 12:06:48 495:  ›   Error: Datapath /Users/priojeetpriyom/.lisk/lisk-core already contains 
2022-09-02 12:06:48 495:  ›   configs for devnet. Please use --overwrite-config to overwrite the config.
2022-09-02 12:06:50 613:  ›   Error: Datapath /Users/priojeetpriyom/.lisk/lisk-core already contains 
2022-09-02 12:06:50 613:  ›   configs for devnet. Please use --overwrite-config to overwrite the config.
2022-09-02 12:06:52 771:  ›   Error: Datapath /Users/priojeetpriyom/.lisk/lisk-core already contains 
2022-09-02 12:06:52 771:  ›   configs for devnet. Please use --overwrite-config to overwrite the config.
2022-09-02 12:06:54 891:  ›   Error: Datapath /Users/priojeetpriyom/.lisk/lisk-core already contains 
2022-09-02 12:06:54 891:  ›   configs for devnet. Please use --overwrite-config to overwrite the config.
2022-09-02 12:06:57 004:  ›   Error: Datapath /Users/priojeetpriyom/.lisk/lisk-core already contains 
2022-09-02 12:06:57 004:  ›   configs for devnet. Please use --overwrite-config to overwrite the config.
2022-09-02 12:06:59 129:  ›   Error: Datapath /Users/priojeetpriyom/.lisk/lisk-core already contains 
2022-09-02 12:06:59 129:  ›   configs for devnet. Please use --overwrite-config to overwrite the config.
2022-09-02 12:07:01 298:  ›   Error: Datapath /Users/priojeetpriyom/.lisk/lisk-core already contains 
2022-09-02 12:07:01 298:  ›   configs for devnet. Please use --overwrite-config to overwrite the config.
2022-09-02 12:07:03 442:     Error: ENOENT: no such file or directory, copyfile '/Users/priojeetpriyom/
2022-09-02 12:07:03 442:     lightcurve/lisk-core/config/mainnet/genesis_block.json' -> 
2022-09-02 12:07:03 442:     '/Users/priojeetpriyom/.lisk/lisk-core/config/mainnet/genesis_block.json'
2022-09-02 12:07:03 442:     Code: ENOENT
2022-09-02 12:07:05 623:     Error: ENOENT: no such file or directory, copyfile '/Users/priojeetpriyom/
2022-09-02 12:07:05 623:     lightcurve/lisk-core/config/mainnet/genesis_block.json' -> 
2022-09-02 12:07:05 623:     '/Users/priojeetpriyom/.lisk/lisk-core/config/mainnet/genesis_block.json'
2022-09-02 12:07:05 623:     Code: ENOENT
2022-09-02 12:07:07 824:     Error: ENOENT: no such file or directory, copyfile '/Users/priojeetpriyom/
2022-09-02 12:07:07 824:     lightcurve/lisk-core/config/mainnet/genesis_block.json' -> 
2022-09-02 12:07:07 824:     '/Users/priojeetpriyom/.lisk/lisk-core/config/mainnet/genesis_block.json'
2022-09-02 12:07:07 824:     Code: ENOENT
2022-09-02 12:07:10 081:     Error: ENOENT: no such file or directory, copyfile '/Users/priojeetpriyom/
2022-09-02 12:07:10 081:     lightcurve/lisk-core/config/mainnet/genesis_block.json' -> 
2022-09-02 12:07:10 081:     '/Users/priojeetpriyom/.lisk/lisk-core/config/mainnet/genesis_block.json'
2022-09-02 12:07:10 081:     Code: ENOENT
2022-09-02 12:07:12 772:     Error: ENOENT: no such file or directory, copyfile '/Users/priojeetpriyom/
2022-09-02 12:07:12 772:     lightcurve/lisk-core/config/mainnet/genesis_block.json' -> 
2022-09-02 12:07:12 772:     '/Users/priojeetpriyom/.lisk/lisk-core/config/mainnet/genesis_block.json'
2022-09-02 12:07:12 772:     Code: ENOENT
2022-09-02 12:07:14 926:     Error: ENOENT: no such file or directory, copyfile '/Users/priojeetpriyom/
2022-09-02 12:07:14 926:     lightcurve/lisk-core/config/mainnet/genesis_block.json' -> 
2022-09-02 12:07:14 926:     '/Users/priojeetpriyom/.lisk/lisk-core/config/mainnet/genesis_block.json'
2022-09-02 12:07:14 926:     Code: ENOENT
2022-09-02 12:07:17 116:     Error: ENOENT: no such file or directory, copyfile '/Users/priojeetpriyom/
2022-09-02 12:07:17 116:     lightcurve/lisk-core/config/mainnet/genesis_block.json' -> 
2022-09-02 12:07:17 116:     '/Users/priojeetpriyom/.lisk/lisk-core/config/mainnet/genesis_block.json'
2022-09-02 12:07:17 116:     Code: ENOENT
2022-09-02 12:07:19 242:     Error: ENOENT: no such file or directory, copyfile '/Users/priojeetpriyom/
2022-09-02 12:07:19 242:     lightcurve/lisk-core/config/mainnet/genesis_block.json' -> 
2022-09-02 12:07:19 242:     '/Users/priojeetpriyom/.lisk/lisk-core/config/mainnet/genesis_block.json'
2022-09-02 12:07:19 242:     Code: ENOENT
2022-09-02 12:07:21 393:     Error: ENOENT: no such file or directory, copyfile '/Users/priojeetpriyom/
2022-09-02 12:07:21 393:     lightcurve/lisk-core/config/mainnet/genesis_block.json' -> 
2022-09-02 12:07:21 393:     '/Users/priojeetpriyom/.lisk/lisk-core/config/mainnet/genesis_block.json'
2022-09-02 12:07:21 393:     Code: ENOENT
2022-09-02 12:07:23 564:     Error: ENOENT: no such file or directory, copyfile '/Users/priojeetpriyom/
2022-09-02 12:07:23 564:     lightcurve/lisk-core/config/mainnet/genesis_block.json' -> 
2022-09-02 12:07:23 564:     '/Users/priojeetpriyom/.lisk/lisk-core/config/mainnet/genesis_block.json'
2022-09-02 12:07:23 564:     Code: ENOENT
2022-09-02 12:07:25 713:     Error: ENOENT: no such file or directory, copyfile '/Users/priojeetpriyom/
2022-09-02 12:07:25 713:     lightcurve/lisk-core/config/mainnet/genesis_block.json' -> 
2022-09-02 12:07:25 713:     '/Users/priojeetpriyom/.lisk/lisk-core/config/mainnet/genesis_block.json'
2022-09-02 12:07:25 713:     Code: ENOENT
2022-09-02 12:07:27 860:     Error: ENOENT: no such file or directory, copyfile '/Users/priojeetpriyom/
2022-09-02 12:07:27 860:     lightcurve/lisk-core/config/mainnet/genesis_block.json' -> 
2022-09-02 12:07:27 860:     '/Users/priojeetpriyom/.lisk/lisk-core/config/mainnet/genesis_block.json'
2022-09-02 12:07:27 860:     Code: ENOENT
2022-09-02 12:07:29 981:     Error: ENOENT: no such file or directory, copyfile '/Users/priojeetpriyom/
2022-09-02 12:07:29 981:     lightcurve/lisk-core/config/mainnet/genesis_block.json' -> 
2022-09-02 12:07:29 981:     '/Users/priojeetpriyom/.lisk/lisk-core/config/mainnet/genesis_block.json'
2022-09-02 12:07:29 981:     Code: ENOENT
2022-09-02 12:07:32 214:     Error: ENOENT: no such file or directory, copyfile '/Users/priojeetpriyom/
2022-09-02 12:07:32 214:     lightcurve/lisk-core/config/mainnet/genesis_block.json' -> 
2022-09-02 12:07:32 214:     '/Users/priojeetpriyom/.lisk/lisk-core/config/mainnet/genesis_block.json'
2022-09-02 12:07:32 214:     Code: ENOENT
2022-09-02 12:07:34 320:     Error: ENOENT: no such file or directory, copyfile '/Users/priojeetpriyom/
2022-09-02 12:07:34 320:     lightcurve/lisk-core/config/mainnet/genesis_block.json' -> 
2022-09-02 12:07:34 320:     '/Users/priojeetpriyom/.lisk/lisk-core/config/mainnet/genesis_block.json'
2022-09-02 12:07:34 320:     Code: ENOENT
2022-09-02 12:07:36 433:     Error: ENOENT: no such file or directory, copyfile '/Users/priojeetpriyom/
2022-09-02 12:07:36 433:     lightcurve/lisk-core/config/mainnet/genesis_block.json' -> 
2022-09-02 12:07:36 433:     '/Users/priojeetpriyom/.lisk/lisk-core/config/mainnet/genesis_block.json'
2022-09-02 12:07:36 433:     Code: ENOENT
2022-09-02 12:07:38 529:     Error: ENOENT: no such file or directory, copyfile '/Users/priojeetpriyom/
2022-09-02 12:07:38 529:     lightcurve/lisk-core/config/mainnet/genesis_block.json' -> 
2022-09-02 12:07:38 529:     '/Users/priojeetpriyom/.lisk/lisk-core/config/mainnet/genesis_block.json'
2022-09-02 12:07:38 529:     Code: ENOENT
2022-09-02 12:07:40 625:     Error: ENOENT: no such file or directory, copyfile '/Users/priojeetpriyom/
2022-09-02 12:07:40 625:     lightcurve/lisk-core/config/mainnet/genesis_block.json' -> 
2022-09-02 12:07:40 625:     '/Users/priojeetpriyom/.lisk/lisk-core/config/mainnet/genesis_block.json'
2022-09-02 12:07:40 625:     Code: ENOENT
2022-09-02 12:07:42 725:     Error: ENOENT: no such file or directory, copyfile '/Users/priojeetpriyom/
2022-09-02 12:07:42 725:     lightcurve/lisk-core/config/mainnet/genesis_block.json' -> 
2022-09-02 12:07:42 725:     '/Users/priojeetpriyom/.lisk/lisk-core/config/mainnet/genesis_block.json'
2022-09-02 12:07:42 725:     Code: ENOENT
2022-09-02 12:07:44 807:     Error: ENOENT: no such file or directory, copyfile '/Users/priojeetpriyom/
2022-09-02 12:07:44 807:     lightcurve/lisk-core/config/mainnet/genesis_block.json' -> 
2022-09-02 12:07:44 807:     '/Users/priojeetpriyom/.lisk/lisk-core/config/mainnet/genesis_block.json'
2022-09-02 12:07:44 807:     Code: ENOENT
2022-09-02 12:07:46 870:     Error: ENOENT: no such file or directory, copyfile '/Users/priojeetpriyom/
2022-09-02 12:07:46 870:     lightcurve/lisk-core/config/mainnet/genesis_block.json' -> 
2022-09-02 12:07:46 870:     '/Users/priojeetpriyom/.lisk/lisk-core/config/mainnet/genesis_block.json'
2022-09-02 12:07:46 870:     Code: ENOENT
2022-09-02 12:07:48 976:     Error: ENOENT: no such file or directory, copyfile '/Users/priojeetpriyom/
2022-09-02 12:07:48 977:     lightcurve/lisk-core/config/mainnet/genesis_block.json' -> 
2022-09-02 12:07:48 977:     '/Users/priojeetpriyom/.lisk/lisk-core/config/mainnet/genesis_block.json'
2022-09-02 12:07:48 977:     Code: ENOENT
2022-09-02 12:07:51 077:     Error: ENOENT: no such file or directory, copyfile '/Users/priojeetpriyom/
2022-09-02 12:07:51 077:     lightcurve/lisk-core/config/mainnet/genesis_block.json' -> 
2022-09-02 12:07:51 077:     '/Users/priojeetpriyom/.lisk/lisk-core/config/mainnet/genesis_block.json'
2022-09-02 12:07:51 077:     Code: ENOENT
2022-09-02 12:07:53 172:     Error: ENOENT: no such file or directory, copyfile '/Users/priojeetpriyom/
2022-09-02 12:07:53 172:     lightcurve/lisk-core/config/mainnet/genesis_block.json' -> 
2022-09-02 12:07:53 172:     '/Users/priojeetpriyom/.lisk/lisk-core/config/mainnet/genesis_block.json'
2022-09-02 12:07:53 172:     Code: ENOENT
2022-09-02 12:07:55 265:     Error: ENOENT: no such file or directory, copyfile '/Users/priojeetpriyom/
2022-09-02 12:07:55 265:     lightcurve/lisk-core/config/mainnet/genesis_block.json' -> 
2022-09-02 12:07:55 265:     '/Users/priojeetpriyom/.lisk/lisk-core/config/mainnet/genesis_block.json'
2022-09-02 12:07:55 265:     Code: ENOENT
2022-09-02 12:07:57 408:     Error: ENOENT: no such file or directory, copyfile '/Users/priojeetpriyom/
2022-09-02 12:07:57 408:     lightcurve/lisk-core/config/mainnet/genesis_block.json' -> 
2022-09-02 12:07:57 408:     '/Users/priojeetpriyom/.lisk/lisk-core/config/mainnet/genesis_block.json'
2022-09-02 12:07:57 408:     Code: ENOENT
2022-09-02 12:07:59 530:     Error: ENOENT: no such file or directory, copyfile '/Users/priojeetpriyom/
2022-09-02 12:07:59 531:     lightcurve/lisk-core/config/mainnet/genesis_block.json' -> 
2022-09-02 12:07:59 531:     '/Users/priojeetpriyom/.lisk/lisk-core/config/mainnet/genesis_block.json'
2022-09-02 12:07:59 531:     Code: ENOENT
2022-09-02 12:08:01 642:     Error: ENOENT: no such file or directory, copyfile '/Users/priojeetpriyom/
2022-09-02 12:08:01 642:     lightcurve/lisk-core/config/mainnet/genesis_block.json' -> 
2022-09-02 12:08:01 642:     '/Users/priojeetpriyom/.lisk/lisk-core/config/mainnet/genesis_block.json'
2022-09-02 12:08:01 642:     Code: ENOENT
2022-09-02 12:08:03 747:     Error: ENOENT: no such file or directory, copyfile '/Users/priojeetpriyom/
2022-09-02 12:08:03 747:     lightcurve/lisk-core/config/mainnet/genesis_block.json' -> 
2022-09-02 12:08:03 747:     '/Users/priojeetpriyom/.lisk/lisk-core/config/mainnet/genesis_block.json'
2022-09-02 12:08:03 747:     Code: ENOENT
2022-09-02 12:08:05 838:     Error: ENOENT: no such file or directory, copyfile '/Users/priojeetpriyom/
2022-09-02 12:08:05 838:     lightcurve/lisk-core/config/mainnet/genesis_block.json' -> 
2022-09-02 12:08:05 838:     '/Users/priojeetpriyom/.lisk/lisk-core/config/mainnet/genesis_block.json'
2022-09-02 12:08:05 838:     Code: ENOENT
2022-09-02 12:08:07 936:     Error: ENOENT: no such file or directory, copyfile '/Users/priojeetpriyom/
2022-09-02 12:08:07 936:     lightcurve/lisk-core/config/mainnet/genesis_block.json' -> 
2022-09-02 12:08:07 936:     '/Users/priojeetpriyom/.lisk/lisk-core/config/mainnet/genesis_block.json'
2022-09-02 12:08:07 936:     Code: ENOENT
2022-09-02 12:08:10 059:     Error: ENOENT: no such file or directory, copyfile '/Users/priojeetpriyom/
2022-09-02 12:08:10 059:     lightcurve/lisk-core/config/mainnet/genesis_block.json' -> 
2022-09-02 12:08:10 059:     '/Users/priojeetpriyom/.lisk/lisk-core/config/mainnet/genesis_block.json'
2022-09-02 12:08:10 059:     Code: ENOENT
2022-09-02 12:08:12 205:     Error: ENOENT: no such file or directory, copyfile '/Users/priojeetpriyom/
2022-09-02 12:08:12 205:     lightcurve/lisk-core/config/mainnet/genesis_block.json' -> 
2022-09-02 12:08:12 205:     '/Users/priojeetpriyom/.lisk/lisk-core/config/mainnet/genesis_block.json'
2022-09-02 12:08:12 205:     Code: ENOENT
2022-09-02 12:08:14 324:     Error: ENOENT: no such file or directory, copyfile '/Users/priojeetpriyom/
2022-09-02 12:08:14 324:     lightcurve/lisk-core/config/mainnet/genesis_block.json' -> 
2022-09-02 12:08:14 324:     '/Users/priojeetpriyom/.lisk/lisk-core/config/mainnet/genesis_block.json'
2022-09-02 12:08:14 324:     Code: ENOENT
2022-09-02 12:08:16 488:     Error: ENOENT: no such file or directory, copyfile '/Users/priojeetpriyom/
2022-09-02 12:08:16 488:     lightcurve/lisk-core/config/mainnet/genesis_block.json' -> 
2022-09-02 12:08:16 488:     '/Users/priojeetpriyom/.lisk/lisk-core/config/mainnet/genesis_block.json'
2022-09-02 12:08:16 488:     Code: ENOENT
2022-09-02 12:08:18 646:     Error: ENOENT: no such file or directory, copyfile '/Users/priojeetpriyom/
2022-09-02 12:08:18 646:     lightcurve/lisk-core/config/mainnet/genesis_block.json' -> 
2022-09-02 12:08:18 646:     '/Users/priojeetpriyom/.lisk/lisk-core/config/mainnet/genesis_block.json'
2022-09-02 12:08:18 646:     Code: ENOENT
2022-09-02 12:08:20 827:     Error: ENOENT: no such file or directory, copyfile '/Users/priojeetpriyom/
2022-09-02 12:08:20 827:     lightcurve/lisk-core/config/mainnet/genesis_block.json' -> 
2022-09-02 12:08:20 827:     '/Users/priojeetpriyom/.lisk/lisk-core/config/mainnet/genesis_block.json'
2022-09-02 12:08:20 827:     Code: ENOENT
2022-09-02 12:08:22 985:     Error: ENOENT: no such file or directory, copyfile '/Users/priojeetpriyom/
2022-09-02 12:08:22 985:     lightcurve/lisk-core/config/mainnet/genesis_block.json' -> 
2022-09-02 12:08:22 985:     '/Users/priojeetpriyom/.lisk/lisk-core/config/mainnet/genesis_block.json'
2022-09-02 12:08:22 985:     Code: ENOENT
2022-09-02 12:08:25 159:     Error: ENOENT: no such file or directory, copyfile '/Users/priojeetpriyom/
2022-09-02 12:08:25 159:     lightcurve/lisk-core/config/mainnet/genesis_block.json' -> 
2022-09-02 12:08:25 159:     '/Users/priojeetpriyom/.lisk/lisk-core/config/mainnet/genesis_block.json'
2022-09-02 12:08:25 159:     Code: ENOENT
2022-09-02 12:08:27 267:     Error: ENOENT: no such file or directory, copyfile '/Users/priojeetpriyom/
2022-09-02 12:08:27 267:     lightcurve/lisk-core/config/mainnet/genesis_block.json' -> 
2022-09-02 12:08:27 267:     '/Users/priojeetpriyom/.lisk/lisk-core/config/mainnet/genesis_block.json'
2022-09-02 12:08:27 267:     Code: ENOENT
2022-09-02 12:08:29 383:     Error: ENOENT: no such file or directory, copyfile '/Users/priojeetpriyom/
2022-09-02 12:08:29 383:     lightcurve/lisk-core/config/mainnet/genesis_block.json' -> 
2022-09-02 12:08:29 383:     '/Users/priojeetpriyom/.lisk/lisk-core/config/mainnet/genesis_block.json'
2022-09-02 12:08:29 383:     Code: ENOENT
2022-09-02 12:08:31 504:     Error: ENOENT: no such file or directory, copyfile '/Users/priojeetpriyom/
2022-09-02 12:08:31 504:     lightcurve/lisk-core/config/mainnet/genesis_block.json' -> 
2022-09-02 12:08:31 504:     '/Users/priojeetpriyom/.lisk/lisk-core/config/mainnet/genesis_block.json'
2022-09-02 12:08:31 504:     Code: ENOENT
2022-09-02 12:08:33 683:     Error: ENOENT: no such file or directory, copyfile '/Users/priojeetpriyom/
2022-09-02 12:08:33 683:     lightcurve/lisk-core/config/mainnet/genesis_block.json' -> 
2022-09-02 12:08:33 683:     '/Users/priojeetpriyom/.lisk/lisk-core/config/mainnet/genesis_block.json'
2022-09-02 12:08:33 683:     Code: ENOENT
2022-09-02 12:08:35 822:     Error: ENOENT: no such file or directory, copyfile '/Users/priojeetpriyom/
2022-09-02 12:08:35 822:     lightcurve/lisk-core/config/mainnet/genesis_block.json' -> 
2022-09-02 12:08:35 822:     '/Users/priojeetpriyom/.lisk/lisk-core/config/mainnet/genesis_block.json'
2022-09-02 12:08:35 822:     Code: ENOENT
2022-09-02 12:08:37 931:     Error: ENOENT: no such file or directory, copyfile '/Users/priojeetpriyom/
2022-09-02 12:08:37 931:     lightcurve/lisk-core/config/mainnet/genesis_block.json' -> 
2022-09-02 12:08:37 931:     '/Users/priojeetpriyom/.lisk/lisk-core/config/mainnet/genesis_block.json'
2022-09-02 12:08:37 931:     Code: ENOENT
2022-09-02 12:08:40 076:     Error: ENOENT: no such file or directory, copyfile '/Users/priojeetpriyom/
2022-09-02 12:08:40 076:     lightcurve/lisk-core/config/mainnet/genesis_block.json' -> 
2022-09-02 12:08:40 076:     '/Users/priojeetpriyom/.lisk/lisk-core/config/mainnet/genesis_block.json'
2022-09-02 12:08:40 076:     Code: ENOENT
2022-09-02 12:08:42 216:     Error: ENOENT: no such file or directory, copyfile '/Users/priojeetpriyom/
2022-09-02 12:08:42 216:     lightcurve/lisk-core/config/mainnet/genesis_block.json' -> 
2022-09-02 12:08:42 216:     '/Users/priojeetpriyom/.lisk/lisk-core/config/mainnet/genesis_block.json'
2022-09-02 12:08:42 216:     Code: ENOENT
2022-09-02 12:08:44 329:     Error: ENOENT: no such file or directory, copyfile '/Users/priojeetpriyom/
2022-09-02 12:08:44 329:     lightcurve/lisk-core/config/mainnet/genesis_block.json' -> 
2022-09-02 12:08:44 329:     '/Users/priojeetpriyom/.lisk/lisk-core/config/mainnet/genesis_block.json'
2022-09-02 12:08:44 329:     Code: ENOENT
2022-09-02 12:08:46 435:     Error: ENOENT: no such file or directory, copyfile '/Users/priojeetpriyom/
2022-09-02 12:08:46 435:     lightcurve/lisk-core/config/mainnet/genesis_block.json' -> 
2022-09-02 12:08:46 435:     '/Users/priojeetpriyom/.lisk/lisk-core/config/mainnet/genesis_block.json'
2022-09-02 12:08:46 435:     Code: ENOENT
2022-09-02 12:08:48 545:     Error: ENOENT: no such file or directory, copyfile '/Users/priojeetpriyom/
2022-09-02 12:08:48 545:     lightcurve/lisk-core/config/mainnet/genesis_block.json' -> 
2022-09-02 12:08:48 545:     '/Users/priojeetpriyom/.lisk/lisk-core/config/mainnet/genesis_block.json'
2022-09-02 12:08:48 545:     Code: ENOENT
2022-09-02 12:08:50 650:     Error: ENOENT: no such file or directory, copyfile '/Users/priojeetpriyom/
2022-09-02 12:08:50 650:     lightcurve/lisk-core/config/mainnet/genesis_block.json' -> 
2022-09-02 12:08:50 650:     '/Users/priojeetpriyom/.lisk/lisk-core/config/mainnet/genesis_block.json'
2022-09-02 12:08:50 650:     Code: ENOENT
2022-09-02 12:08:52 745:     Error: ENOENT: no such file or directory, copyfile '/Users/priojeetpriyom/
2022-09-02 12:08:52 745:     lightcurve/lisk-core/config/mainnet/genesis_block.json' -> 
2022-09-02 12:08:52 745:     '/Users/priojeetpriyom/.lisk/lisk-core/config/mainnet/genesis_block.json'
2022-09-02 12:08:52 745:     Code: ENOENT
2022-09-02 12:08:54 869:     Error: ENOENT: no such file or directory, copyfile '/Users/priojeetpriyom/
2022-09-02 12:08:54 869:     lightcurve/lisk-core/config/mainnet/genesis_block.json' -> 
2022-09-02 12:08:54 869:     '/Users/priojeetpriyom/.lisk/lisk-core/config/mainnet/genesis_block.json'
2022-09-02 12:08:54 869:     Code: ENOENT
2022-09-02 12:08:56 988:     Error: ENOENT: no such file or directory, copyfile '/Users/priojeetpriyom/
2022-09-02 12:08:56 988:     lightcurve/lisk-core/config/mainnet/genesis_block.json' -> 
2022-09-02 12:08:56 988:     '/Users/priojeetpriyom/.lisk/lisk-core/config/mainnet/genesis_block.json'
2022-09-02 12:08:56 988:     Code: ENOENT
2022-09-02 12:08:59 114:     Error: ENOENT: no such file or directory, copyfile '/Users/priojeetpriyom/
2022-09-02 12:08:59 114:     lightcurve/lisk-core/config/mainnet/genesis_block.json' -> 
2022-09-02 12:08:59 114:     '/Users/priojeetpriyom/.lisk/lisk-core/config/mainnet/genesis_block.json'
2022-09-02 12:08:59 114:     Code: ENOENT
2022-09-02 12:09:01 340:     Error: ENOENT: no such file or directory, copyfile '/Users/priojeetpriyom/
2022-09-02 12:09:01 340:     lightcurve/lisk-core/config/mainnet/genesis_block.json' -> 
2022-09-02 12:09:01 340:     '/Users/priojeetpriyom/.lisk/lisk-core/config/mainnet/genesis_block.json'
2022-09-02 12:09:01 340:     Code: ENOENT
2022-09-02 12:09:03 465:     Error: ENOENT: no such file or directory, copyfile '/Users/priojeetpriyom/
2022-09-02 12:09:03 466:     lightcurve/lisk-core/config/mainnet/genesis_block.json' -> 
2022-09-02 12:09:03 466:     '/Users/priojeetpriyom/.lisk/lisk-core/config/mainnet/genesis_block.json'
2022-09-02 12:09:03 466:     Code: ENOENT
2022-09-02 12:09:05 568:     Error: ENOENT: no such file or directory, copyfile '/Users/priojeetpriyom/
2022-09-02 12:09:05 568:     lightcurve/lisk-core/config/mainnet/genesis_block.json' -> 
2022-09-02 12:09:05 568:     '/Users/priojeetpriyom/.lisk/lisk-core/config/mainnet/genesis_block.json'
2022-09-02 12:09:05 568:     Code: ENOENT
2022-09-02 12:09:07 687:     Error: ENOENT: no such file or directory, copyfile '/Users/priojeetpriyom/
2022-09-02 12:09:07 687:     lightcurve/lisk-core/config/mainnet/genesis_block.json' -> 
2022-09-02 12:09:07 687:     '/Users/priojeetpriyom/.lisk/lisk-core/config/mainnet/genesis_block.json'
2022-09-02 12:09:07 687:     Code: ENOENT
2022-09-02 12:09:09 816:     Error: ENOENT: no such file or directory, copyfile '/Users/priojeetpriyom/
2022-09-02 12:09:09 816:     lightcurve/lisk-core/config/mainnet/genesis_block.json' -> 
2022-09-02 12:09:09 816:     '/Users/priojeetpriyom/.lisk/lisk-core/config/mainnet/genesis_block.json'
2022-09-02 12:09:09 816:     Code: ENOENT
2022-09-02 12:09:11 996:     Error: ENOENT: no such file or directory, copyfile '/Users/priojeetpriyom/
2022-09-02 12:09:11 996:     lightcurve/lisk-core/config/mainnet/genesis_block.json' -> 
2022-09-02 12:09:11 996:     '/Users/priojeetpriyom/.lisk/lisk-core/config/mainnet/genesis_block.json'
2022-09-02 12:09:11 996:     Code: ENOENT
2022-09-02 12:09:14 106:     Error: ENOENT: no such file or directory, copyfile '/Users/priojeetpriyom/
2022-09-02 12:09:14 106:     lightcurve/lisk-core/config/mainnet/genesis_block.json' -> 
2022-09-02 12:09:14 106:     '/Users/priojeetpriyom/.lisk/lisk-core/config/mainnet/genesis_block.json'
2022-09-02 12:09:14 106:     Code: ENOENT
2022-09-02 12:09:16 226:     Error: ENOENT: no such file or directory, copyfile '/Users/priojeetpriyom/
2022-09-02 12:09:16 226:     lightcurve/lisk-core/config/mainnet/genesis_block.json' -> 
2022-09-02 12:09:16 226:     '/Users/priojeetpriyom/.lisk/lisk-core/config/mainnet/genesis_block.json'
2022-09-02 12:09:16 226:     Code: ENOENT
2022-09-02 12:09:18 363:     Error: ENOENT: no such file or directory, copyfile '/Users/priojeetpriyom/
2022-09-02 12:09:18 363:     lightcurve/lisk-core/config/mainnet/genesis_block.json' -> 
2022-09-02 12:09:18 363:     '/Users/priojeetpriyom/.lisk/lisk-core/config/mainnet/genesis_block.json'
2022-09-02 12:09:18 363:     Code: ENOENT
2022-09-02 12:09:20 542:     Error: ENOENT: no such file or directory, copyfile '/Users/priojeetpriyom/
2022-09-02 12:09:20 542:     lightcurve/lisk-core/config/mainnet/genesis_block.json' -> 
2022-09-02 12:09:20 542:     '/Users/priojeetpriyom/.lisk/lisk-core/config/mainnet/genesis_block.json'
2022-09-02 12:09:20 542:     Code: ENOENT
2022-09-02 12:09:22 715:     Error: ENOENT: no such file or directory, copyfile '/Users/priojeetpriyom/
2022-09-02 12:09:22 715:     lightcurve/lisk-core/config/mainnet/genesis_block.json' -> 
2022-09-02 12:09:22 715:     '/Users/priojeetpriyom/.lisk/lisk-core/config/mainnet/genesis_block.json'
2022-09-02 12:09:22 715:     Code: ENOENT
2022-09-02 12:09:24 915:     Error: ENOENT: no such file or directory, copyfile '/Users/priojeetpriyom/
2022-09-02 12:09:24 915:     lightcurve/lisk-core/config/mainnet/genesis_block.json' -> 
2022-09-02 12:09:24 915:     '/Users/priojeetpriyom/.lisk/lisk-core/config/mainnet/genesis_block.json'
2022-09-02 12:09:24 915:     Code: ENOENT
2022-09-02 12:09:27 081:     Error: ENOENT: no such file or directory, copyfile '/Users/priojeetpriyom/
2022-09-02 12:09:27 081:     lightcurve/lisk-core/config/mainnet/genesis_block.json' -> 
2022-09-02 12:09:27 081:     '/Users/priojeetpriyom/.lisk/lisk-core/config/mainnet/genesis_block.json'
2022-09-02 12:09:27 081:     Code: ENOENT
2022-09-02 12:09:29 219:     Error: ENOENT: no such file or directory, copyfile '/Users/priojeetpriyom/
2022-09-02 12:09:29 219:     lightcurve/lisk-core/config/mainnet/genesis_block.json' -> 
2022-09-02 12:09:29 219:     '/Users/priojeetpriyom/.lisk/lisk-core/config/mainnet/genesis_block.json'
2022-09-02 12:09:29 219:     Code: ENOENT
2022-09-02 12:09:31 371:     Error: ENOENT: no such file or directory, copyfile '/Users/priojeetpriyom/
2022-09-02 12:09:31 371:     lightcurve/lisk-core/config/mainnet/genesis_block.json' -> 
2022-09-02 12:09:31 371:     '/Users/priojeetpriyom/.lisk/lisk-core/config/mainnet/genesis_block.json'
2022-09-02 12:09:31 371:     Code: ENOENT
2022-09-02 12:09:33 539:     Error: ENOENT: no such file or directory, copyfile '/Users/priojeetpriyom/
2022-09-02 12:09:33 539:     lightcurve/lisk-core/config/mainnet/genesis_block.json' -> 
2022-09-02 12:09:33 539:     '/Users/priojeetpriyom/.lisk/lisk-core/config/mainnet/genesis_block.json'
2022-09-02 12:09:33 539:     Code: ENOENT
2022-09-02 12:09:35 697:     Error: ENOENT: no such file or directory, copyfile '/Users/priojeetpriyom/
2022-09-02 12:09:35 697:     lightcurve/lisk-core/config/mainnet/genesis_block.json' -> 
2022-09-02 12:09:35 697:     '/Users/priojeetpriyom/.lisk/lisk-core/config/mainnet/genesis_block.json'
2022-09-02 12:09:35 697:     Code: ENOENT
2022-09-02 12:09:37 840:     Error: ENOENT: no such file or directory, copyfile '/Users/priojeetpriyom/
2022-09-02 12:09:37 840:     lightcurve/lisk-core/config/mainnet/genesis_block.json' -> 
2022-09-02 12:09:37 840:     '/Users/priojeetpriyom/.lisk/lisk-core/config/mainnet/genesis_block.json'
2022-09-02 12:09:37 840:     Code: ENOENT
2022-09-02 12:09:40 012:     Error: ENOENT: no such file or directory, copyfile '/Users/priojeetpriyom/
2022-09-02 12:09:40 012:     lightcurve/lisk-core/config/mainnet/genesis_block.json' -> 
2022-09-02 12:09:40 012:     '/Users/priojeetpriyom/.lisk/lisk-core/config/mainnet/genesis_block.json'
2022-09-02 12:09:40 012:     Code: ENOENT
2022-09-02 12:09:42 304:     Error: ENOENT: no such file or directory, copyfile '/Users/priojeetpriyom/
2022-09-02 12:09:42 304:     lightcurve/lisk-core/config/mainnet/genesis_block.json' -> 
2022-09-02 12:09:42 304:     '/Users/priojeetpriyom/.lisk/lisk-core/config/mainnet/genesis_block.json'
2022-09-02 12:09:42 304:     Code: ENOENT
2022-09-02 12:09:44 428:     Error: ENOENT: no such file or directory, copyfile '/Users/priojeetpriyom/
2022-09-02 12:09:44 428:     lightcurve/lisk-core/config/mainnet/genesis_block.json' -> 
2022-09-02 12:09:44 428:     '/Users/priojeetpriyom/.lisk/lisk-core/config/mainnet/genesis_block.json'
2022-09-02 12:09:44 428:     Code: ENOENT
2022-09-02 12:09:46 583:     Error: ENOENT: no such file or directory, copyfile '/Users/priojeetpriyom/
2022-09-02 12:09:46 583:     lightcurve/lisk-core/config/mainnet/genesis_block.json' -> 
2022-09-02 12:09:46 583:     '/Users/priojeetpriyom/.lisk/lisk-core/config/mainnet/genesis_block.json'
2022-09-02 12:09:46 583:     Code: ENOENT
2022-09-02 12:09:48 739:     Error: ENOENT: no such file or directory, copyfile '/Users/priojeetpriyom/
2022-09-02 12:09:48 739:     lightcurve/lisk-core/config/mainnet/genesis_block.json' -> 
2022-09-02 12:09:48 739:     '/Users/priojeetpriyom/.lisk/lisk-core/config/mainnet/genesis_block.json'
2022-09-02 12:09:48 739:     Code: ENOENT
2022-09-02 12:09:50 881:     Error: ENOENT: no such file or directory, copyfile '/Users/priojeetpriyom/
2022-09-02 12:09:50 881:     lightcurve/lisk-core/config/mainnet/genesis_block.json' -> 
2022-09-02 12:09:50 881:     '/Users/priojeetpriyom/.lisk/lisk-core/config/mainnet/genesis_block.json'
2022-09-02 12:09:50 881:     Code: ENOENT
2022-09-02 12:10:11 307: /Users/priojeetpriyom/lightcurve/lisk-core/node_modules/lisk-framework/dist-node/abi_handler/abi_client.js:20
2022-09-02 12:10:11 307:         reject(new Error(message !== null && message !== void 0 ? message : `Timed out in ${ms}ms.`));
2022-09-02 12:10:11 307:                ^
2022-09-02 12:10:11 307: 
2022-09-02 12:10:11 307: Error: Response not received in 500ms
2022-09-02 12:10:11 307:     at Timeout.<anonymous> (/Users/priojeetpriyom/lightcurve/lisk-core/node_modules/lisk-framework/dist-node/abi_handler/abi_client.js:20:16)
2022-09-02 12:10:11 307:     at listOnTimeout (node:internal/timers:559:17)
2022-09-02 12:10:11 307:     at processTimers (node:internal/timers:502:7)
2022-09-02 12:10:16 614: /Users/priojeetpriyom/lightcurve/lisk-core/node_modules/lisk-framework/dist-node/abi_handler/abi_client.js:20
2022-09-02 12:10:16 614:         reject(new Error(message !== null && message !== void 0 ? message : `Timed out in ${ms}ms.`));
2022-09-02 12:10:16 614:                ^
2022-09-02 12:10:16 614: 
2022-09-02 12:10:16 614: Error: Response not received in 500ms
2022-09-02 12:10:16 614:     at Timeout.<anonymous> (/Users/priojeetpriyom/lightcurve/lisk-core/node_modules/lisk-framework/dist-node/abi_handler/abi_client.js:20:16)
2022-09-02 12:10:16 614:     at listOnTimeout (node:internal/timers:559:17)
2022-09-02 12:10:16 614:     at processTimers (node:internal/timers:502:7)
2022-09-02 12:10:26 244: /Users/priojeetpriyom/lightcurve/lisk-core/node_modules/lisk-framework/dist-node/abi_handler/abi_client.js:20
2022-09-02 12:10:26 244:         reject(new Error(message !== null && message !== void 0 ? message : `Timed out in ${ms}ms.`));
2022-09-02 12:10:26 244:                ^
2022-09-02 12:10:26 244: 
2022-09-02 12:10:26 244: Error: Response not received in 500ms
2022-09-02 12:10:26 244:     at Timeout.<anonymous> (/Users/priojeetpriyom/lightcurve/lisk-core/node_modules/lisk-framework/dist-node/abi_handler/abi_client.js:20:16)
2022-09-02 12:10:26 244:     at listOnTimeout (node:internal/timers:559:17)
2022-09-02 12:10:26 244:     at processTimers (node:internal/timers:502:7)
2022-09-02 12:10:31 689: /Users/priojeetpriyom/lightcurve/lisk-core/node_modules/lisk-framework/dist-node/abi_handler/abi_client.js:20
2022-09-02 12:10:31 689:         reject(new Error(message !== null && message !== void 0 ? message : `Timed out in ${ms}ms.`));
2022-09-02 12:10:31 690:                ^
2022-09-02 12:10:31 690: 
2022-09-02 12:10:31 690: Error: Response not received in 500ms
2022-09-02 12:10:31 690:     at Timeout.<anonymous> (/Users/priojeetpriyom/lightcurve/lisk-core/node_modules/lisk-framework/dist-node/abi_handler/abi_client.js:20:16)
2022-09-02 12:10:31 690:     at listOnTimeout (node:internal/timers:559:17)
2022-09-02 12:10:31 690:     at processTimers (node:internal/timers:502:7)
2022-09-02 12:10:37 211: /Users/priojeetpriyom/lightcurve/lisk-core/node_modules/lisk-framework/dist-node/abi_handler/abi_client.js:20
2022-09-02 12:10:37 211:         reject(new Error(message !== null && message !== void 0 ? message : `Timed out in ${ms}ms.`));
2022-09-02 12:10:37 211:                ^
2022-09-02 12:10:37 211: 
2022-09-02 12:10:37 211: Error: Response not received in 500ms
2022-09-02 12:10:37 211:     at Timeout.<anonymous> (/Users/priojeetpriyom/lightcurve/lisk-core/node_modules/lisk-framework/dist-node/abi_handler/abi_client.js:20:16)
2022-09-02 12:10:37 211:     at listOnTimeout (node:internal/timers:559:17)
2022-09-02 12:10:37 211:     at processTimers (node:internal/timers:502:7)
2022-09-02 12:10:46 838: /Users/priojeetpriyom/lightcurve/lisk-core/node_modules/lisk-framework/dist-node/abi_handler/abi_client.js:20
2022-09-02 12:10:46 838:         reject(new Error(message !== null && message !== void 0 ? message : `Timed out in ${ms}ms.`));
2022-09-02 12:10:46 838:                ^
2022-09-02 12:10:46 838: 
2022-09-02 12:10:46 839: Error: Response not received in 500ms
2022-09-02 12:10:46 839:     at Timeout.<anonymous> (/Users/priojeetpriyom/lightcurve/lisk-core/node_modules/lisk-framework/dist-node/abi_handler/abi_client.js:20:16)
2022-09-02 12:10:46 839:     at listOnTimeout (node:internal/timers:559:17)
2022-09-02 12:10:46 839:     at processTimers (node:internal/timers:502:7)
2022-09-02 12:10:52 120: /Users/priojeetpriyom/lightcurve/lisk-core/node_modules/lisk-framework/dist-node/abi_handler/abi_client.js:20
2022-09-02 12:10:52 120:         reject(new Error(message !== null && message !== void 0 ? message : `Timed out in ${ms}ms.`));
2022-09-02 12:10:52 120:                ^
2022-09-02 12:10:52 120: 
2022-09-02 12:10:52 126: Error: Response not received in 500ms
2022-09-02 12:10:52 126:     at Timeout.<anonymous> (/Users/priojeetpriyom/lightcurve/lisk-core/node_modules/lisk-framework/dist-node/abi_handler/abi_client.js:20:16)
2022-09-02 12:10:52 126:     at listOnTimeout (node:internal/timers:559:17)
2022-09-02 12:10:52 126:     at processTimers (node:internal/timers:502:7)
2022-09-02 12:10:57 531: /Users/priojeetpriyom/lightcurve/lisk-core/node_modules/lisk-framework/dist-node/abi_handler/abi_client.js:20
2022-09-02 12:10:57 531:         reject(new Error(message !== null && message !== void 0 ? message : `Timed out in ${ms}ms.`));
2022-09-02 12:10:57 531:                ^
2022-09-02 12:10:57 531: 
2022-09-02 12:10:57 531: Error: Response not received in 500ms
2022-09-02 12:10:57 531:     at Timeout.<anonymous> (/Users/priojeetpriyom/lightcurve/lisk-core/node_modules/lisk-framework/dist-node/abi_handler/abi_client.js:20:16)
2022-09-02 12:10:57 531:     at listOnTimeout (node:internal/timers:559:17)
2022-09-02 12:10:57 531:     at processTimers (node:internal/timers:502:7)
2022-09-02 12:11:02 984: /Users/priojeetpriyom/lightcurve/lisk-core/node_modules/lisk-framework/dist-node/abi_handler/abi_client.js:20
2022-09-02 12:11:02 984:         reject(new Error(message !== null && message !== void 0 ? message : `Timed out in ${ms}ms.`));
2022-09-02 12:11:02 984:                ^
2022-09-02 12:11:02 984: 
2022-09-02 12:11:02 984: Error: Response not received in 500ms
2022-09-02 12:11:02 984:     at Timeout.<anonymous> (/Users/priojeetpriyom/lightcurve/lisk-core/node_modules/lisk-framework/dist-node/abi_handler/abi_client.js:20:16)
2022-09-02 12:11:02 984:     at listOnTimeout (node:internal/timers:559:17)
2022-09-02 12:11:02 984:     at processTimers (node:internal/timers:502:7)
2022-09-02 12:11:11 303: /Users/priojeetpriyom/lightcurve/lisk-core/node_modules/lisk-framework/dist-node/abi_handler/abi_client.js:20
2022-09-02 12:11:11 303:         reject(new Error(message !== null && message !== void 0 ? message : `Timed out in ${ms}ms.`));
2022-09-02 12:11:11 303:                ^
2022-09-02 12:11:11 303: 
2022-09-02 12:11:11 303: Error: Response not received in 500ms
2022-09-02 12:11:11 304:     at Timeout.<anonymous> (/Users/priojeetpriyom/lightcurve/lisk-core/node_modules/lisk-framework/dist-node/abi_handler/abi_client.js:20:16)
2022-09-02 12:11:11 304:     at listOnTimeout (node:internal/timers:559:17)
2022-09-02 12:11:11 304:     at processTimers (node:internal/timers:502:7)
2022-09-02 12:11:16 623: /Users/priojeetpriyom/lightcurve/lisk-core/node_modules/lisk-framework/dist-node/abi_handler/abi_client.js:20
2022-09-02 12:11:16 623:         reject(new Error(message !== null && message !== void 0 ? message : `Timed out in ${ms}ms.`));
2022-09-02 12:11:16 624:                ^
2022-09-02 12:11:16 624: 
2022-09-02 12:11:16 624: Error: Response not received in 500ms
2022-09-02 12:11:16 624:     at Timeout.<anonymous> (/Users/priojeetpriyom/lightcurve/lisk-core/node_modules/lisk-framework/dist-node/abi_handler/abi_client.js:20:16)
2022-09-02 12:11:16 624:     at listOnTimeout (node:internal/timers:559:17)
2022-09-02 12:11:16 624:     at processTimers (node:internal/timers:502:7)
2022-09-02 12:11:22 107: /Users/priojeetpriyom/lightcurve/lisk-core/node_modules/lisk-framework/dist-node/abi_handler/abi_client.js:20
2022-09-02 12:11:22 107:         reject(new Error(message !== null && message !== void 0 ? message : `Timed out in ${ms}ms.`));
2022-09-02 12:11:22 107:                ^
2022-09-02 12:11:22 107: 
2022-09-02 12:11:22 107: Error: Response not received in 500ms
2022-09-02 12:11:22 107:     at Timeout.<anonymous> (/Users/priojeetpriyom/lightcurve/lisk-core/node_modules/lisk-framework/dist-node/abi_handler/abi_client.js:20:16)
2022-09-02 12:11:22 108:     at listOnTimeout (node:internal/timers:559:17)
2022-09-02 12:11:22 108:     at processTimers (node:internal/timers:502:7)
2022-09-02 12:11:27 531: /Users/priojeetpriyom/lightcurve/lisk-core/node_modules/lisk-framework/dist-node/abi_handler/abi_client.js:20
2022-09-02 12:11:27 531:         reject(new Error(message !== null && message !== void 0 ? message : `Timed out in ${ms}ms.`));
2022-09-02 12:11:27 531:                ^
2022-09-02 12:11:27 531: 
2022-09-02 12:11:27 531: Error: Response not received in 500ms
2022-09-02 12:11:27 531:     at Timeout.<anonymous> (/Users/priojeetpriyom/lightcurve/lisk-core/node_modules/lisk-framework/dist-node/abi_handler/abi_client.js:20:16)
2022-09-02 12:11:27 531:     at listOnTimeout (node:internal/timers:559:17)
2022-09-02 12:11:27 531:     at processTimers (node:internal/timers:502:7)
2022-09-02 12:11:32 914: /Users/priojeetpriyom/lightcurve/lisk-core/node_modules/lisk-framework/dist-node/abi_handler/abi_client.js:20
2022-09-02 12:11:32 914:         reject(new Error(message !== null && message !== void 0 ? message : `Timed out in ${ms}ms.`));
2022-09-02 12:11:32 914:                ^
2022-09-02 12:11:32 914: 
2022-09-02 12:11:32 914: Error: Response not received in 500ms
2022-09-02 12:11:32 914:     at Timeout.<anonymous> (/Users/priojeetpriyom/lightcurve/lisk-core/node_modules/lisk-framework/dist-node/abi_handler/abi_client.js:20:16)
2022-09-02 12:11:32 914:     at listOnTimeout (node:internal/timers:559:17)
2022-09-02 12:11:32 914:     at processTimers (node:internal/timers:502:7)
2022-09-02 12:11:44 828: /Users/priojeetpriyom/lightcurve/lisk-core/node_modules/lisk-framework/dist-node/abi_handler/abi_client.js:20
2022-09-02 12:11:44 828:         reject(new Error(message !== null && message !== void 0 ? message : `Timed out in ${ms}ms.`));
2022-09-02 12:11:44 828:                ^
2022-09-02 12:11:44 828: 
2022-09-02 12:11:44 828: Error: Response not received in 500ms
2022-09-02 12:11:44 828:     at Timeout.<anonymous> (/Users/priojeetpriyom/lightcurve/lisk-core/node_modules/lisk-framework/dist-node/abi_handler/abi_client.js:20:16)
2022-09-02 12:11:44 828:     at listOnTimeout (node:internal/timers:559:17)
2022-09-02 12:11:44 828:     at processTimers (node:internal/timers:502:7)
2022-09-02 12:11:54 636: /Users/priojeetpriyom/lightcurve/lisk-core/node_modules/lisk-framework/dist-node/abi_handler/abi_client.js:20
2022-09-02 12:11:54 636:         reject(new Error(message !== null && message !== void 0 ? message : `Timed out in ${ms}ms.`));
2022-09-02 12:11:54 636:                ^
2022-09-02 12:11:54 636: 
2022-09-02 12:11:54 636: Error: Response not received in 500ms
2022-09-02 12:11:54 636:     at Timeout.<anonymous> (/Users/priojeetpriyom/lightcurve/lisk-core/node_modules/lisk-framework/dist-node/abi_handler/abi_client.js:20:16)
2022-09-02 12:11:54 636:     at listOnTimeout (node:internal/timers:559:17)
2022-09-02 12:11:54 636:     at processTimers (node:internal/timers:502:7)
2022-09-02 12:12:17 846: /Users/priojeetpriyom/lightcurve/lisk-core/node_modules/@liskhq/lisk-codec/dist-node/keys.js:12
2022-09-02 12:12:17 846:     throw new Error('Value yields unsupported wireType');
2022-09-02 12:12:17 846:           ^
2022-09-02 12:12:17 846: 
2022-09-02 12:12:17 846: Error: Value yields unsupported wireType
2022-09-02 12:12:17 846:     at Object.readKey (/Users/priojeetpriyom/lightcurve/lisk-core/node_modules/@liskhq/lisk-codec/dist-node/keys.js:12:11)
2022-09-02 12:12:17 846:     at Object.readObject (/Users/priojeetpriyom/lightcurve/lisk-core/node_modules/@liskhq/lisk-codec/dist-node/collection.js:109:38)
2022-09-02 12:12:17 846:     at Object.readArray (/Users/priojeetpriyom/lightcurve/lisk-core/node_modules/@liskhq/lisk-codec/dist-node/collection.js:149:51)
2022-09-02 12:12:17 846:     at Object.readObject (/Users/priojeetpriyom/lightcurve/lisk-core/node_modules/@liskhq/lisk-codec/dist-node/collection.js:80:51)
2022-09-02 12:12:17 846:     at Codec.decode (/Users/priojeetpriyom/lightcurve/lisk-core/node_modules/@liskhq/lisk-codec/dist-node/codec.js:49:36)
2022-09-02 12:12:17 846:     at ABIClient._call (/Users/priojeetpriyom/lightcurve/lisk-core/node_modules/lisk-framework/dist-node/abi_handler/abi_client.js:120:96)
2022-09-02 12:12:17 846:     at async Generator._generateBlock (/Users/priojeetpriyom/lightcurve/lisk-core/node_modules/lisk-framework/dist-node/engine/generator/generator.js:306:28)
2022-09-02 12:12:17 846:     at async Generator._generateLoop (/Users/priojeetpriyom/lightcurve/lisk-core/node_modules/lisk-framework/dist-node/engine/generator/generator.js:264:32)
2022-09-02 12:12:17 846:     at async Timeout._onTimeout (/Users/priojeetpriyom/lightcurve/lisk-core/node_modules/@liskhq/lisk-utils/dist-node/job_handlers/scheduler.js:26:17)
2022-09-02 12:12:23 366: /Users/priojeetpriyom/lightcurve/lisk-core/node_modules/lisk-framework/dist-node/abi_handler/abi_client.js:20
2022-09-02 12:12:23 366:         reject(new Error(message !== null && message !== void 0 ? message : `Timed out in ${ms}ms.`));
2022-09-02 12:12:23 366:                ^
2022-09-02 12:12:23 366: 
2022-09-02 12:12:23 367: Error: Response not received in 500ms
2022-09-02 12:12:23 367:     at Timeout.<anonymous> (/Users/priojeetpriyom/lightcurve/lisk-core/node_modules/lisk-framework/dist-node/abi_handler/abi_client.js:20:16)
2022-09-02 12:12:23 367:     at listOnTimeout (node:internal/timers:559:17)
2022-09-02 12:12:23 367:     at processTimers (node:internal/timers:502:7)
2022-09-02 12:12:33 115: /Users/priojeetpriyom/lightcurve/lisk-core/node_modules/lisk-framework/dist-node/abi_handler/abi_client.js:20
2022-09-02 12:12:33 115:         reject(new Error(message !== null && message !== void 0 ? message : `Timed out in ${ms}ms.`));
2022-09-02 12:12:33 115:                ^
2022-09-02 12:12:33 115: 
2022-09-02 12:12:33 115: Error: Response not received in 500ms
2022-09-02 12:12:33 115:     at Timeout.<anonymous> (/Users/priojeetpriyom/lightcurve/lisk-core/node_modules/lisk-framework/dist-node/abi_handler/abi_client.js:20:16)
2022-09-02 12:12:33 115:     at listOnTimeout (node:internal/timers:559:17)
2022-09-02 12:12:33 115:     at processTimers (node:internal/timers:502:7)
2022-09-02 12:14:17 936: /Users/priojeetpriyom/lightcurve/lisk-core/node_modules/@liskhq/lisk-codec/dist-node/collection.js:111
2022-09-02 12:14:17 936:             throw new Error('Invalid field number while decoding.');
2022-09-02 12:14:17 936:                   ^
2022-09-02 12:14:17 936: 
2022-09-02 12:14:17 936: Error: Invalid field number while decoding.
2022-09-02 12:14:17 936:     at Object.readObject (/Users/priojeetpriyom/lightcurve/lisk-core/node_modules/@liskhq/lisk-codec/dist-node/collection.js:111:19)
2022-09-02 12:14:17 936:     at Object.readArray (/Users/priojeetpriyom/lightcurve/lisk-core/node_modules/@liskhq/lisk-codec/dist-node/collection.js:149:51)
2022-09-02 12:14:17 936:     at Object.readObject (/Users/priojeetpriyom/lightcurve/lisk-core/node_modules/@liskhq/lisk-codec/dist-node/collection.js:80:51)
2022-09-02 12:14:17 936:     at Codec.decode (/Users/priojeetpriyom/lightcurve/lisk-core/node_modules/@liskhq/lisk-codec/dist-node/codec.js:49:36)
2022-09-02 12:14:17 936:     at ABIClient._call (/Users/priojeetpriyom/lightcurve/lisk-core/node_modules/lisk-framework/dist-node/abi_handler/abi_client.js:120:96)
2022-09-02 12:14:17 936:     at async Generator._generateBlock (/Users/priojeetpriyom/lightcurve/lisk-core/node_modules/lisk-framework/dist-node/engine/generator/generator.js:306:28)
2022-09-02 12:14:17 936:     at async Generator._generateLoop (/Users/priojeetpriyom/lightcurve/lisk-core/node_modules/lisk-framework/dist-node/engine/generator/generator.js:264:32)
2022-09-02 12:14:17 936:     at async Timeout._onTimeout (/Users/priojeetpriyom/lightcurve/lisk-core/node_modules/@liskhq/lisk-utils/dist-node/job_handlers/scheduler.js:26:17)
2022-09-02 12:14:23 303: /Users/priojeetpriyom/lightcurve/lisk-core/node_modules/lisk-framework/dist-node/abi_handler/abi_client.js:20
2022-09-02 12:14:23 303:         reject(new Error(message !== null && message !== void 0 ? message : `Timed out in ${ms}ms.`));
2022-09-02 12:14:23 303:                ^
2022-09-02 12:14:23 303: 
2022-09-02 12:14:23 303: Error: Response not received in 500ms
2022-09-02 12:14:23 303:     at Timeout.<anonymous> (/Users/priojeetpriyom/lightcurve/lisk-core/node_modules/lisk-framework/dist-node/abi_handler/abi_client.js:20:16)
2022-09-02 12:14:23 303:     at listOnTimeout (node:internal/timers:559:17)
2022-09-02 12:14:23 303:     at processTimers (node:internal/timers:502:7)
2022-09-02 12:15:47 991: /Users/priojeetpriyom/lightcurve/lisk-core/node_modules/@liskhq/lisk-codec/dist-node/keys.js:12
2022-09-02 12:15:47 992:     throw new Error('Value yields unsupported wireType');
2022-09-02 12:15:47 992:           ^
2022-09-02 12:15:47 992: 
2022-09-02 12:15:47 992: Error: Value yields unsupported wireType
2022-09-02 12:15:47 992:     at Object.readKey (/Users/priojeetpriyom/lightcurve/lisk-core/node_modules/@liskhq/lisk-codec/dist-node/keys.js:12:11)
2022-09-02 12:15:47 992:     at Object.readObject (/Users/priojeetpriyom/lightcurve/lisk-core/node_modules/@liskhq/lisk-codec/dist-node/collection.js:109:38)
2022-09-02 12:15:47 992:     at Object.readArray (/Users/priojeetpriyom/lightcurve/lisk-core/node_modules/@liskhq/lisk-codec/dist-node/collection.js:149:51)
2022-09-02 12:15:47 992:     at Object.readObject (/Users/priojeetpriyom/lightcurve/lisk-core/node_modules/@liskhq/lisk-codec/dist-node/collection.js:80:51)
2022-09-02 12:15:47 992:     at Codec.decode (/Users/priojeetpriyom/lightcurve/lisk-core/node_modules/@liskhq/lisk-codec/dist-node/codec.js:49:36)
2022-09-02 12:15:47 992:     at ABIClient._call (/Users/priojeetpriyom/lightcurve/lisk-core/node_modules/lisk-framework/dist-node/abi_handler/abi_client.js:120:96)
2022-09-02 12:15:47 992:     at async Generator._generateBlock (/Users/priojeetpriyom/lightcurve/lisk-core/node_modules/lisk-framework/dist-node/engine/generator/generator.js:306:28)
2022-09-02 12:15:47 992:     at async Generator._generateLoop (/Users/priojeetpriyom/lightcurve/lisk-core/node_modules/lisk-framework/dist-node/engine/generator/generator.js:264:32)
2022-09-02 12:15:47 992:     at async Timeout._onTimeout (/Users/priojeetpriyom/lightcurve/lisk-core/node_modules/@liskhq/lisk-utils/dist-node/job_handlers/scheduler.js:26:17)
2022-09-02 12:15:52 890: /Users/priojeetpriyom/lightcurve/lisk-core/node_modules/@liskhq/lisk-codec/dist-node/keys.js:12
2022-09-02 12:15:52 890:     throw new Error('Value yields unsupported wireType');
2022-09-02 12:15:52 890:           ^
2022-09-02 12:15:52 890: 
2022-09-02 12:15:52 890: Error: Value yields unsupported wireType
2022-09-02 12:15:52 891:     at Object.readKey (/Users/priojeetpriyom/lightcurve/lisk-core/node_modules/@liskhq/lisk-codec/dist-node/keys.js:12:11)
2022-09-02 12:15:52 891:     at Object.readObject (/Users/priojeetpriyom/lightcurve/lisk-core/node_modules/@liskhq/lisk-codec/dist-node/collection.js:109:38)
2022-09-02 12:15:52 891:     at Object.readArray (/Users/priojeetpriyom/lightcurve/lisk-core/node_modules/@liskhq/lisk-codec/dist-node/collection.js:149:51)
2022-09-02 12:15:52 891:     at Object.readObject (/Users/priojeetpriyom/lightcurve/lisk-core/node_modules/@liskhq/lisk-codec/dist-node/collection.js:80:51)
2022-09-02 12:15:52 891:     at Codec.decode (/Users/priojeetpriyom/lightcurve/lisk-core/node_modules/@liskhq/lisk-codec/dist-node/codec.js:49:36)
2022-09-02 12:15:52 891:     at ABIClient._call (/Users/priojeetpriyom/lightcurve/lisk-core/node_modules/lisk-framework/dist-node/abi_handler/abi_client.js:120:96)
2022-09-02 12:15:52 891:     at processTicksAndRejections (node:internal/process/task_queues:96:5)
2022-09-02 12:15:52 891:     at async Generator._generateBlock (/Users/priojeetpriyom/lightcurve/lisk-core/node_modules/lisk-framework/dist-node/engine/generator/generator.js:313:45)
2022-09-02 12:15:52 891:     at async Generator._generateLoop (/Users/priojeetpriyom/lightcurve/lisk-core/node_modules/lisk-framework/dist-node/engine/generator/generator.js:264:32)
2022-09-02 12:15:52 891:     at async Timeout._onTimeout (/Users/priojeetpriyom/lightcurve/lisk-core/node_modules/@liskhq/lisk-utils/dist-node/job_handlers/scheduler.js:26:17)
2022-09-02 12:16:08 513: /Users/priojeetpriyom/lightcurve/lisk-core/node_modules/lisk-framework/dist-node/abi_handler/abi_client.js:20
2022-09-02 12:16:08 513:         reject(new Error(message !== null && message !== void 0 ? message : `Timed out in ${ms}ms.`));
2022-09-02 12:16:08 513:                ^
2022-09-02 12:16:08 513: 
2022-09-02 12:16:08 513: Error: Response not received in 500ms
2022-09-02 12:16:08 513:     at Timeout.<anonymous> (/Users/priojeetpriyom/lightcurve/lisk-core/node_modules/lisk-framework/dist-node/abi_handler/abi_client.js:20:16)
2022-09-02 12:16:08 513:     at listOnTimeout (node:internal/timers:559:17)
2022-09-02 12:16:08 513:     at processTimers (node:internal/timers:502:7)
2022-09-02 12:16:13 875: /Users/priojeetpriyom/lightcurve/lisk-core/node_modules/lisk-framework/dist-node/abi_handler/abi_client.js:20
2022-09-02 12:16:13 876:         reject(new Error(message !== null && message !== void 0 ? message : `Timed out in ${ms}ms.`));
2022-09-02 12:16:13 876:                ^
2022-09-02 12:16:13 876: 
2022-09-02 12:16:13 876: Error: Response not received in 500ms
2022-09-02 12:16:13 876:     at Timeout.<anonymous> (/Users/priojeetpriyom/lightcurve/lisk-core/node_modules/lisk-framework/dist-node/abi_handler/abi_client.js:20:16)
2022-09-02 12:16:13 876:     at listOnTimeout (node:internal/timers:559:17)
2022-09-02 12:16:13 876:     at processTimers (node:internal/timers:502:7)
2022-09-02 12:20:27 656: /Users/priojeetpriyom/lightcurve/lisk-core/node_modules/lisk-framework/dist-node/abi_handler/abi_client.js:20
2022-09-02 12:20:27 656:         reject(new Error(message !== null && message !== void 0 ? message : `Timed out in ${ms}ms.`));
2022-09-02 12:20:27 656:                ^
2022-09-02 12:20:27 656: 
2022-09-02 12:20:27 656: Error: Response not received in 500ms
2022-09-02 12:20:27 656:     at Timeout.<anonymous> (/Users/priojeetpriyom/lightcurve/lisk-core/node_modules/lisk-framework/dist-node/abi_handler/abi_client.js:20:16)
2022-09-02 12:20:27 656:     at listOnTimeout (node:internal/timers:559:17)
2022-09-02 12:20:27 656:     at processTimers (node:internal/timers:502:7)
2022-09-02 12:20:33 429: /Users/priojeetpriyom/lightcurve/lisk-core/node_modules/lisk-framework/dist-node/abi_handler/abi_client.js:20
2022-09-02 12:20:33 429:         reject(new Error(message !== null && message !== void 0 ? message : `Timed out in ${ms}ms.`));
2022-09-02 12:20:33 429:                ^
2022-09-02 12:20:33 429: 
2022-09-02 12:20:33 429: Error: Response not received in 500ms
2022-09-02 12:20:33 429:     at Timeout.<anonymous> (/Users/priojeetpriyom/lightcurve/lisk-core/node_modules/lisk-framework/dist-node/abi_handler/abi_client.js:20:16)
2022-09-02 12:20:33 429:     at listOnTimeout (node:internal/timers:559:17)
2022-09-02 12:20:33 429:     at processTimers (node:internal/timers:502:7)
